# JRE version: OpenJDK Runtime Environment Temurin-21.0.11+10 (21.0.11+10) (build 21.0.11+10-LTS)
# Java VM: OpenJDK 64-Bit Server VM Temurin-21.0.11+10 (21.0.11+10-LTS, mixed mode, sharing, tiered, compressed oops, compressed class ptrs, g1 gc, windows-amd64)
GC Precious Log:
 CardTable entry size: 512
 Card Set container configuration: InlinePtr #cards 5 size 8 Array Of Cards #cards 12 size 40 Howl #buckets 4 coarsen threshold 1843 Howl Bitmap #cards 512 size 80 coarsen threshold 460 Card regions per heap region 1 cards per card region 2048
 CPUs: 4 total, 4 available
 Memory: 3818M
 Large Page Support: Disabled
 NUMA Support: Disabled
 Compressed Oops: Enabled (32-bit)
 Heap Region Size: 1M
 Heap Min Capacity: 8M
 Heap Initial Capacity: 60M
 Heap Max Capacity: 956M
 Pre-touch: Disabled
 Parallel Workers: 4
 Concurrent Workers: 1
 Concurrent Refinement Workers: 4
 Periodic GC: Disabled
Heap:
 garbage-first heap   total 132096K, used 55059K [0x00000000c4400000, 0x0000000100000000)
  region size 1024K, 4 young (4096K), 1 survivors (1024K)
 Metaspace       used 31847K, committed 32256K, reserved 1114112K
  class space    used 3668K, committed 3840K, reserved 1048576K
GC Heap History (20 events):
Event: 28.103 GC heap before
{Heap before GC invocations=10 (full 0):
 garbage-first heap   total 63488K, used 41713K [0x00000000c4400000, 0x0000000100000000)
  region size 1024K, 18 young (18432K), 3 survivors (3072K)
 Metaspace       used 26268K, committed 26688K, reserved 1114112K
  class space    used 3025K, committed 3200K, reserved 1048576K
}
Event: 28.114 GC heap after
{Heap after GC invocations=11 (full 0):
 garbage-first heap   total 63488K, used 30720K [0x00000000c4400000, 0x0000000100000000)
  region size 1024K, 3 young (3072K), 3 survivors (3072K)
 Metaspace       used 26268K, committed 26688K, reserved 1114112K
  class space    used 3025K, committed 3200K, reserved 1048576K
}
Event: 29.265 GC heap before
{Heap before GC invocations=11 (full 0):
 garbage-first heap   total 63488K, used 44032K [0x00000000c4400000, 0x0000000100000000)
  region size 1024K, 17 young (17408K), 3 survivors (3072K)
 Metaspace       used 26288K, committed 26688K, reserved 1114112K
  class space    used 3025K, committed 3200K, reserved 1048576K
}
Event: 29.278 GC heap after
{Heap after GC invocations=12 (full 0):
 garbage-first heap   total 76800K, used 35531K [0x00000000c4400000, 0x0000000100000000)
  region size 1024K, 3 young (3072K), 3 survivors (3072K)
 Metaspace       used 26288K, committed 26688K, reserved 1114112K
  class space    used 3025K, committed 3200K, reserved 1048576K
}
Event: 30.475 GC heap before
{Heap before GC invocations=12 (full 0):
 garbage-first heap   total 76800K, used 53963K [0x00000000c4400000, 0x0000000100000000)
  region size 1024K, 21 young (21504K), 3 survivors (3072K)
 Metaspace       used 27697K, committed 28032K, reserved 1114112K
  class space    used 3168K, committed 3328K, reserved 1048576K
}
Event: 30.484 GC heap after
{Heap after GC invocations=13 (full 0):
 garbage-first heap   total 76800K, used 39133K [0x00000000c4400000, 0x0000000100000000)
  region size 1024K, 3 young (3072K), 3 survivors (3072K)
 Metaspace       used 27697K, committed 28032K, reserved 1114112K
  class space    used 3168K, committed 3328K, reserved 1048576K
}
Event: 31.770 GC heap before
{Heap before GC invocations=13 (full 0):
 garbage-first heap   total 76800K, used 56541K [0x00000000c4400000, 0x0000000100000000)
  region size 1024K, 21 young (21504K), 3 survivors (3072K)
 Metaspace       used 28565K, committed 28992K, reserved 1114112K
  class space    used 3290K, committed 3456K, reserved 1048576K
}
Event: 31.777 GC heap after
{Heap after GC invocations=14 (full 0):
 garbage-first heap   total 76800K, used 39754K [0x00000000c4400000, 0x0000000100000000)
  region size 1024K, 1 young (1024K), 1 survivors (1024K)
 Metaspace       used 28565K, committed 28992K, reserved 1114112K
  class space    used 3290K, committed 3456K, reserved 1048576K
}
Event: 34.960 GC heap before
{Heap before GC invocations=15 (full 0):
 garbage-first heap   total 76800K, used 58186K [0x00000000c4400000, 0x0000000100000000)
  region size 1024K, 20 young (20480K), 1 survivors (1024K)
 Metaspace       used 30217K, committed 30656K, reserved 1114112K
  class space    used 3490K, committed 3648K, reserved 1048576K
}
Event: 35.005 GC heap after
{Heap after GC invocations=16 (full 0):
 garbage-first heap   total 76800K, used 41014K [0x00000000c4400000, 0x0000000100000000)
  region size 1024K, 2 young (2048K), 2 survivors (2048K)
 Metaspace       used 30217K, committed 30656K, reserved 1114112K
  class space    used 3490K, committed 3648K, reserved 1048576K
}
Event: 40.725 GC heap before
{Heap before GC invocations=16 (full 0):
 garbage-first heap   total 76800K, used 64566K [0x00000000c4400000, 0x0000000100000000)
  region size 1024K, 22 young (22528K), 2 survivors (2048K)
 Metaspace       used 30380K, committed 30784K, reserved 1114112K
  class space    used 3498K, committed 3648K, reserved 1048576K
}
Event: 40.823 GC heap after
{Heap after GC invocations=17 (full 0):
 garbage-first heap   total 76800K, used 47035K [0x00000000c4400000, 0x0000000100000000)
  region size 1024K, 3 young (3072K), 3 survivors (3072K)
 Metaspace       used 30380K, committed 30784K, reserved 1114112K
  class space    used 3498K, committed 3648K, reserved 1048576K
}
Event: 41.236 GC heap before
{Heap before GC invocations=17 (full 0):
 garbage-first heap   total 76800K, used 49083K [0x00000000c4400000, 0x0000000100000000)
  region size 1024K, 6 young (6144K), 3 survivors (3072K)
 Metaspace       used 30385K, committed 30784K, reserved 1114112K
  class space    used 3498K, committed 3648K, reserved 1048576K
}
Event: 41.268 GC heap after
{Heap after GC invocations=18 (full 0):
 garbage-first heap   total 76800K, used 48711K [0x00000000c4400000, 0x0000000100000000)
  region size 1024K, 2 young (2048K), 2 survivors (2048K)
 Metaspace       used 30385K, committed 30784K, reserved 1114112K
  class space    used 3498K, committed 3648K, reserved 1048576K
}
Event: 42.126 GC heap before
{Heap before GC invocations=19 (full 0):
 garbage-first heap   total 83968K, used 63047K [0x00000000c4400000, 0x0000000100000000)
  region size 1024K, 15 young (15360K), 2 survivors (2048K)
 Metaspace       used 30393K, committed 30784K, reserved 1114112K
  class space    used 3498K, committed 3648K, reserved 1048576K
}
Event: 42.229 GC heap after
{Heap after GC invocations=20 (full 0):
 garbage-first heap   total 83968K, used 53547K [0x00000000c4400000, 0x0000000100000000)
  region size 1024K, 2 young (2048K), 2 survivors (2048K)
 Metaspace       used 30393K, committed 30784K, reserved 1114112K
  class space    used 3498K, committed 3648K, reserved 1048576K
}
Event: 43.334 GC heap before
{Heap before GC invocations=20 (full 0):
 garbage-first heap   total 83968K, used 67883K [0x00000000c4400000, 0x0000000100000000)
  region size 1024K, 16 young (16384K), 2 survivors (2048K)
 Metaspace       used 30396K, committed 30784K, reserved 1114112K
  class space    used 3498K, committed 3648K, reserved 1048576K
}
Event: 43.360 GC heap after
{Heap after GC invocations=21 (full 0):
 garbage-first heap   total 83968K, used 51200K [0x00000000c4400000, 0x0000000100000000)
  region size 1024K, 2 young (2048K), 2 survivors (2048K)
 Metaspace       used 30396K, committed 30784K, reserved 1114112K
  class space    used 3498K, committed 3648K, reserved 1048576K
}
Event: 44.736 GC heap before
{Heap before GC invocations=21 (full 0):
 garbage-first heap   total 83968K, used 65536K [0x00000000c4400000, 0x0000000100000000)
  region size 1024K, 17 young (17408K), 2 survivors (2048K)
 Metaspace       used 30826K, committed 31296K, reserved 1114112K
  class space    used 3529K, committed 3712K, reserved 1048576K
}
Event: 44.748 GC heap after
{Heap after GC invocations=22 (full 0):
 garbage-first heap   total 132096K, used 52736K [0x00000000c4400000, 0x0000000100000000)
  region size 1024K, 3 young (3072K), 3 survivors (3072K)
 Metaspace       used 30826K, committed 31296K, reserved 1114112K
  class space    used 3529K, committed 3712K, reserved 1048576K
}

