# JRE version: OpenJDK Runtime Environment Temurin-21.0.11+10 (21.0.11+10) (build 21.0.11+10-LTS)
# Java VM: OpenJDK 64-Bit Server VM Temurin-21.0.11+10 (21.0.11+10-LTS, mixed mode, sharing, tiered, compressed oops, compressed class ptrs, g1 gc, windows-amd64)
GC Precious Log:
 CardTable entry size: 512
 Card Set container configuration: InlinePtr #cards 5 size 8 Array Of Cards #cards 12 size 40 Howl #buckets 4 coarsen threshold 1843 Howl Bitmap #cards 512 size 80 coarsen threshold 460 Card regions per heap region 1 cards per card region 2048
 CPUs: 4 total, 4 available
 Memory: 3818M
 Large Page Support: Disabled
 NUMA Support: Disabled
 Compressed Oops: Enabled (32-bit)
 Heap Region Size: 1M
 Heap Min Capacity: 8M
 Heap Initial Capacity: 60M
 Heap Max Capacity: 956M
 Pre-touch: Disabled
 Parallel Workers: 4
 Concurrent Workers: 1
 Concurrent Refinement Workers: 4
 Periodic GC: Disabled
Heap:
 garbage-first heap   total 228352K, used 79792K [0x00000000c4400000, 0x0000000100000000)
  region size 1024K, 18 young (18432K), 1 survivors (1024K)
 Metaspace       used 31753K, committed 32256K, reserved 1114112K
  class space    used 3667K, committed 3904K, reserved 1048576K
GC Heap History (20 events):
Event: 152.088 GC heap before
{Heap before GC invocations=14 (full 0):
 garbage-first heap   total 90112K, used 39523K [0x00000000c4400000, 0x0000000100000000)
  region size 1024K, 5 young (5120K), 2 survivors (2048K)
 Metaspace       used 26710K, committed 27072K, reserved 1114112K
  class space    used 3083K, committed 3264K, reserved 1048576K
}
Event: 152.185 GC heap after
{Heap after GC invocations=15 (full 0):
 garbage-first heap   total 90112K, used 37071K [0x00000000c4400000, 0x0000000100000000)
  region size 1024K, 1 young (1024K), 1 survivors (1024K)
 Metaspace       used 26710K, committed 27072K, reserved 1114112K
  class space    used 3083K, committed 3264K, reserved 1048576K
}
Event: 160.623 GC heap before
{Heap before GC invocations=15 (full 0):
 garbage-first heap   total 90112K, used 45263K [0x00000000c4400000, 0x0000000100000000)
  region size 1024K, 10 young (10240K), 1 survivors (1024K)
 Metaspace       used 27596K, committed 27968K, reserved 1114112K
  class space    used 3158K, committed 3328K, reserved 1048576K
}
Event: 160.910 GC heap after
{Heap after GC invocations=16 (full 0):
 garbage-first heap   total 90112K, used 38384K [0x00000000c4400000, 0x0000000100000000)
  region size 1024K, 2 young (2048K), 2 survivors (2048K)
 Metaspace       used 27596K, committed 27968K, reserved 1114112K
  class space    used 3158K, committed 3328K, reserved 1048576K
}
Event: 161.328 GC heap before
{Heap before GC invocations=16 (full 0):
 garbage-first heap   total 90112K, used 42480K [0x00000000c4400000, 0x0000000100000000)
  region size 1024K, 7 young (7168K), 2 survivors (2048K)
 Metaspace       used 27725K, committed 28096K, reserved 1114112K
  class space    used 3193K, committed 3392K, reserved 1048576K
}
Event: 161.433 GC heap after
{Heap after GC invocations=17 (full 0):
 garbage-first heap   total 90112K, used 38664K [0x00000000c4400000, 0x0000000100000000)
  region size 1024K, 1 young (1024K), 1 survivors (1024K)
 Metaspace       used 27725K, committed 28096K, reserved 1114112K
  class space    used 3193K, committed 3392K, reserved 1048576K
}
Event: 165.168 GC heap before
{Heap before GC invocations=17 (full 0):
 garbage-first heap   total 90112K, used 50952K [0x00000000c4400000, 0x0000000100000000)
  region size 1024K, 14 young (14336K), 1 survivors (1024K)
 Metaspace       used 28398K, committed 28800K, reserved 1114112K
  class space    used 3270K, committed 3456K, reserved 1048576K
}
Event: 165.280 GC heap after
{Heap after GC invocations=18 (full 0):
 garbage-first heap   total 228352K, used 38635K [0x00000000c4400000, 0x0000000100000000)
  region size 1024K, 1 young (1024K), 1 survivors (1024K)
 Metaspace       used 28398K, committed 28800K, reserved 1114112K
  class space    used 3270K, committed 3456K, reserved 1048576K
}
Event: 170.456 GC heap before
{Heap before GC invocations=18 (full 0):
 garbage-first heap   total 228352K, used 49899K [0x00000000c4400000, 0x0000000100000000)
  region size 1024K, 13 young (13312K), 1 survivors (1024K)
 Metaspace       used 29251K, committed 29696K, reserved 1114112K
  class space    used 3382K, committed 3584K, reserved 1048576K
}
Event: 170.576 GC heap after
{Heap after GC invocations=19 (full 0):
 garbage-first heap   total 228352K, used 39164K [0x00000000c4400000, 0x0000000100000000)
  region size 1024K, 1 young (1024K), 1 survivors (1024K)
 Metaspace       used 29251K, committed 29696K, reserved 1114112K
  class space    used 3382K, committed 3584K, reserved 1048576K
}
Event: 173.404 GC heap before
{Heap before GC invocations=19 (full 0):
 garbage-first heap   total 228352K, used 51452K [0x00000000c4400000, 0x0000000100000000)
  region size 1024K, 13 young (13312K), 1 survivors (1024K)
 Metaspace       used 30130K, committed 30592K, reserved 1114112K
  class space    used 3487K, committed 3712K, reserved 1048576K
}
Event: 173.518 GC heap after
{Heap after GC invocations=20 (full 0):
 garbage-first heap   total 228352K, used 40359K [0x00000000c4400000, 0x0000000100000000)
  region size 1024K, 2 young (2048K), 2 survivors (2048K)
 Metaspace       used 30130K, committed 30592K, reserved 1114112K
  class space    used 3487K, committed 3712K, reserved 1048576K
}
Event: 197.206 GC heap before
{Heap before GC invocations=20 (full 0):
 garbage-first heap   total 228352K, used 50599K [0x00000000c4400000, 0x0000000100000000)
  region size 1024K, 11 young (11264K), 2 survivors (2048K)
 Metaspace       used 30221K, committed 30656K, reserved 1114112K
  class space    used 3495K, committed 3712K, reserved 1048576K
}
Event: 197.333 GC heap after
{Heap after GC invocations=21 (full 0):
 garbage-first heap   total 228352K, used 40787K [0x00000000c4400000, 0x0000000100000000)
  region size 1024K, 1 young (1024K), 1 survivors (1024K)
 Metaspace       used 30221K, committed 30656K, reserved 1114112K
  class space    used 3495K, committed 3712K, reserved 1048576K
}
Event: 206.200 GC heap before
{Heap before GC invocations=21 (full 0):
 garbage-first heap   total 228352K, used 80723K [0x00000000c4400000, 0x0000000100000000)
  region size 1024K, 37 young (37888K), 1 survivors (1024K)
 Metaspace       used 30302K, committed 30784K, reserved 1114112K
  class space    used 3496K, committed 3712K, reserved 1048576K
}
Event: 206.374 GC heap after
{Heap after GC invocations=22 (full 0):
 garbage-first heap   total 228352K, used 59668K [0x00000000c4400000, 0x0000000100000000)
  region size 1024K, 5 young (5120K), 5 survivors (5120K)
 Metaspace       used 30302K, committed 30784K, reserved 1114112K
  class space    used 3496K, committed 3712K, reserved 1048576K
}
Event: 209.985 GC heap before
{Heap before GC invocations=22 (full 0):
 garbage-first heap   total 228352K, used 68884K [0x00000000c4400000, 0x0000000100000000)
  region size 1024K, 14 young (14336K), 5 survivors (5120K)
 Metaspace       used 30312K, committed 30784K, reserved 1114112K
  class space    used 3496K, committed 3712K, reserved 1048576K
}
Event: 210.116 GC heap after
{Heap after GC invocations=23 (full 0):
 garbage-first heap   total 228352K, used 63042K [0x00000000c4400000, 0x0000000100000000)
  region size 1024K, 2 young (2048K), 2 survivors (2048K)
 Metaspace       used 30312K, committed 30784K, reserved 1114112K
  class space    used 3496K, committed 3712K, reserved 1048576K
}
Event: 238.208 GC heap before
{Heap before GC invocations=23 (full 0):
 garbage-first heap   total 228352K, used 78402K [0x00000000c4400000, 0x0000000100000000)
  region size 1024K, 18 young (18432K), 2 survivors (2048K)
 Metaspace       used 30987K, committed 31424K, reserved 1114112K
  class space    used 3586K, committed 3776K, reserved 1048576K
}
Event: 238.296 GC heap after
{Heap after GC invocations=24 (full 0):
 garbage-first heap   total 228352K, used 64432K [0x00000000c4400000, 0x0000000100000000)
  region size 1024K, 1 young (1024K), 1 survivors (1024K)
 Metaspace       used 30987K, committed 31424K, reserved 1114112K
  class space    used 3586K, committed 3776K, reserved 1048576K
}

