# JRE version: OpenJDK Runtime Environment Temurin-21.0.11+10 (21.0.11+10) (build 21.0.11+10-LTS)
# Java VM: OpenJDK 64-Bit Server VM Temurin-21.0.11+10 (21.0.11+10-LTS, mixed mode, sharing, tiered, compressed oops, compressed class ptrs, g1 gc, windows-amd64)
GC Precious Log:
 CardTable entry size: 512
 Card Set container configuration: InlinePtr #cards 5 size 8 Array Of Cards #cards 12 size 40 Howl #buckets 4 coarsen threshold 1843 Howl Bitmap #cards 512 size 80 coarsen threshold 460 Card regions per heap region 1 cards per card region 2048
 CPUs: 4 total, 4 available
 Memory: 3818M
 Large Page Support: Disabled
 NUMA Support: Disabled
 Compressed Oops: Enabled (32-bit)
 Heap Region Size: 1M
 Heap Min Capacity: 8M
 Heap Initial Capacity: 60M
 Heap Max Capacity: 956M
 Pre-touch: Disabled
 Parallel Workers: 4
 Concurrent Workers: 1
 Concurrent Refinement Workers: 4
 Periodic GC: Disabled
Heap:
 garbage-first heap   total 51200K, used 25829K [0x00000000c4400000, 0x0000000100000000)
  region size 1024K, 3 young (3072K), 2 survivors (2048K)
 Metaspace       used 56649K, committed 57216K, reserved 1114112K
  class space    used 7978K, committed 8256K, reserved 1048576K
GC Heap History (20 events):
Event: 6.036 GC heap before
{Heap before GC invocations=3 (full 0):
 garbage-first heap   total 61440K, used 39886K [0x00000000c4400000, 0x0000000100000000)
  region size 1024K, 32 young (32768K), 3 survivors (3072K)
 Metaspace       used 18466K, committed 18816K, reserved 1114112K
  class space    used 2521K, committed 2688K, reserved 1048576K
}
Event: 6.043 GC heap after
{Heap after GC invocations=4 (full 0):
 garbage-first heap   total 61440K, used 13394K [0x00000000c4400000, 0x0000000100000000)
  region size 1024K, 4 young (4096K), 4 survivors (4096K)
 Metaspace       used 18466K, committed 18816K, reserved 1114112K
  class space    used 2521K, committed 2688K, reserved 1048576K
}
Event: 6.347 GC heap before
{Heap before GC invocations=4 (full 0):
 garbage-first heap   total 61440K, used 26706K [0x00000000c4400000, 0x0000000100000000)
  region size 1024K, 18 young (18432K), 4 survivors (4096K)
 Metaspace       used 21153K, committed 21504K, reserved 1114112K
  class space    used 2852K, committed 3008K, reserved 1048576K
}
Event: 6.355 GC heap after
{Heap after GC invocations=5 (full 0):
 garbage-first heap   total 61440K, used 14985K [0x00000000c4400000, 0x0000000100000000)
  region size 1024K, 4 young (4096K), 4 survivors (4096K)
 Metaspace       used 21153K, committed 21504K, reserved 1114112K
  class space    used 2852K, committed 3008K, reserved 1048576K
}
Event: 8.228 GC heap before
{Heap before GC invocations=6 (full 0):
 garbage-first heap   total 51200K, used 40585K [0x00000000c4400000, 0x0000000100000000)
  region size 1024K, 30 young (30720K), 4 survivors (4096K)
 Metaspace       used 26354K, committed 26688K, reserved 1114112K
  class space    used 3481K, committed 3648K, reserved 1048576K
}
Event: 8.237 GC heap after
{Heap after GC invocations=7 (full 0):
 garbage-first heap   total 51200K, used 17201K [0x00000000c4400000, 0x0000000100000000)
  region size 1024K, 4 young (4096K), 4 survivors (4096K)
 Metaspace       used 26354K, committed 26688K, reserved 1114112K
  class space    used 3481K, committed 3648K, reserved 1048576K
}
Event: 9.290 GC heap before
{Heap before GC invocations=7 (full 0):
 garbage-first heap   total 51200K, used 39729K [0x00000000c4400000, 0x0000000100000000)
  region size 1024K, 26 young (26624K), 4 survivors (4096K)
 Metaspace       used 29229K, committed 29696K, reserved 1114112K
  class space    used 3831K, committed 4032K, reserved 1048576K
}
Event: 9.298 GC heap after
{Heap after GC invocations=8 (full 0):
 garbage-first heap   total 51200K, used 18610K [0x00000000c4400000, 0x0000000100000000)
  region size 1024K, 3 young (3072K), 3 survivors (3072K)
 Metaspace       used 29229K, committed 29696K, reserved 1114112K
  class space    used 3831K, committed 4032K, reserved 1048576K
}
Event: 11.324 GC heap before
{Heap before GC invocations=8 (full 0):
 garbage-first heap   total 51200K, used 41138K [0x00000000c4400000, 0x0000000100000000)
  region size 1024K, 25 young (25600K), 3 survivors (3072K)
 Metaspace       used 32616K, committed 33088K, reserved 1114112K
  class space    used 4334K, committed 4544K, reserved 1048576K
}
Event: 11.334 GC heap after
{Heap after GC invocations=9 (full 0):
 garbage-first heap   total 51200K, used 20691K [0x00000000c4400000, 0x0000000100000000)
  region size 1024K, 4 young (4096K), 4 survivors (4096K)
 Metaspace       used 32616K, committed 33088K, reserved 1114112K
  class space    used 4334K, committed 4544K, reserved 1048576K
}
Event: 12.805 GC heap before
{Heap before GC invocations=9 (full 0):
 garbage-first heap   total 51200K, used 34003K [0x00000000c4400000, 0x0000000100000000)
  region size 1024K, 18 young (18432K), 4 survivors (4096K)
 Metaspace       used 35666K, committed 36160K, reserved 1114112K
  class space    used 4760K, committed 4992K, reserved 1048576K
}
Event: 12.822 GC heap after
{Heap after GC invocations=10 (full 0):
 garbage-first heap   total 51200K, used 22064K [0x00000000c4400000, 0x0000000100000000)
  region size 1024K, 4 young (4096K), 4 survivors (4096K)
 Metaspace       used 35666K, committed 36160K, reserved 1114112K
  class space    used 4760K, committed 4992K, reserved 1048576K
}
Event: 15.655 GC heap before
{Heap before GC invocations=11 (full 0):
 garbage-first heap   total 51200K, used 41520K [0x00000000c4400000, 0x0000000100000000)
  region size 1024K, 23 young (23552K), 4 survivors (4096K)
 Metaspace       used 40464K, committed 41024K, reserved 1114112K
  class space    used 5557K, committed 5824K, reserved 1048576K
}
Event: 15.667 GC heap after
{Heap after GC invocations=12 (full 0):
 garbage-first heap   total 51200K, used 23130K [0x00000000c4400000, 0x0000000100000000)
  region size 1024K, 3 young (3072K), 3 survivors (3072K)
 Metaspace       used 40464K, committed 41024K, reserved 1114112K
  class space    used 5557K, committed 5824K, reserved 1048576K
}
Event: 19.523 GC heap before
{Heap before GC invocations=12 (full 0):
 garbage-first heap   total 51200K, used 41562K [0x00000000c4400000, 0x0000000100000000)
  region size 1024K, 22 young (22528K), 3 survivors (3072K)
 Metaspace       used 45800K, committed 46400K, reserved 1114112K
  class space    used 6257K, committed 6528K, reserved 1048576K
}
Event: 19.555 GC heap after
{Heap after GC invocations=13 (full 0):
 garbage-first heap   total 51200K, used 24171K [0x00000000c4400000, 0x0000000100000000)
  region size 1024K, 3 young (3072K), 3 survivors (3072K)
 Metaspace       used 45800K, committed 46400K, reserved 1114112K
  class space    used 6257K, committed 6528K, reserved 1048576K
}
Event: 21.633 GC heap before
{Heap before GC invocations=13 (full 0):
 garbage-first heap   total 51200K, used 43627K [0x00000000c4400000, 0x0000000100000000)
  region size 1024K, 22 young (22528K), 3 survivors (3072K)
 Metaspace       used 52046K, committed 52544K, reserved 1114112K
  class space    used 7247K, committed 7488K, reserved 1048576K
}
Event: 21.641 GC heap after
{Heap after GC invocations=14 (full 0):
 garbage-first heap   total 51200K, used 25177K [0x00000000c4400000, 0x0000000100000000)
  region size 1024K, 2 young (2048K), 2 survivors (2048K)
 Metaspace       used 52046K, committed 52544K, reserved 1114112K
  class space    used 7247K, committed 7488K, reserved 1048576K
}
Event: 24.244 GC heap before
{Heap before GC invocations=14 (full 0):
 garbage-first heap   total 51200K, used 44633K [0x00000000c4400000, 0x0000000100000000)
  region size 1024K, 22 young (22528K), 2 survivors (2048K)
 Metaspace       used 56649K, committed 57216K, reserved 1114112K
  class space    used 7978K, committed 8256K, reserved 1048576K
}
Event: 24.254 GC heap after
{Heap after GC invocations=15 (full 0):
 garbage-first heap   total 51200K, used 25829K [0x00000000c4400000, 0x0000000100000000)
  region size 1024K, 2 young (2048K), 2 survivors (2048K)
 Metaspace       used 56649K, committed 57216K, reserved 1114112K
  class space    used 7978K, committed 8256K, reserved 1048576K
}

